<?xml version="1.0" encoding="UTF-8"?>
<!-- Generated by org.testng.reporters.JUnitReportReporter -->
<testsuite hostname="LAPTOP-0O8VOCIM" failures="0" tests="1" name="com.qa.Test.Calander" time="11.197" errors="0" timestamp="22 Sep. 2020 17:51:16 GMT" skipped="0">
  <testcase classname="com.qa.Test.Calander" name="Test" time="11.197"/>
</testsuite> <!-- com.qa.Test.Calander -->
