<?xml version="1.0" encoding="UTF-8"?>
<!-- Generated by org.testng.reporters.JUnitReportReporter -->
<testsuite hostname="LAPTOP-0O8VOCIM" failures="0" tests="1" name="com.qa.Test.CalanderExpedia" time="13.197" errors="0" timestamp="23 Sep. 2020 14:00:56 GMT" skipped="0">
  <testcase classname="com.qa.Test.CalanderExpedia" name="TestMethod" time="13.197"/>
</testsuite> <!-- com.qa.Test.CalanderExpedia -->
