<?xml version="1.0" encoding="UTF-8"?>
<!-- Generated by org.testng.reporters.JUnitReportReporter -->
<testsuite hostname="LAPTOP-0O8VOCIM" failures="0" tests="1" name="com.qa.Test.TableTestCricket" time="10.070" errors="0" timestamp="22 Sep. 2020 00:00:38 GMT" skipped="0">
  <testcase classname="com.qa.Test.TableTestCricket" name="methodOne" time="10.070"/>
</testsuite> <!-- com.qa.Test.TableTestCricket -->
