<?xml version="1.0" encoding="UTF-8"?>
<!-- Generated by org.testng.reporters.JUnitReportReporter -->
<testsuite hostname="LAPTOP-0O8VOCIM" failures="0" tests="2" name="com.qa.Test.BrokenPageTest" time="33.418" errors="0" timestamp="17 Sep. 2020 00:32:14 GMT" skipped="0">
  <testcase classname="com.qa.Test.BrokenPageTest" name="testthree" time="20.491"/>
  <testcase classname="com.qa.Test.BrokenPageTest" name="testone" time="12.927"/>
</testsuite> <!-- com.qa.Test.BrokenPageTest -->
