<?xml version="1.0" encoding="UTF-8"?>
<!-- Generated by org.testng.reporters.JUnitReportReporter -->
<testsuite hostname="LAPTOP-0O8VOCIM" failures="0" tests="1" name="com.qa.Test.TableTest" time="9.743" errors="0" timestamp="21 Sep. 2020 22:35:00 GMT" skipped="0">
  <testcase classname="com.qa.Test.TableTest" name="testOne" time="9.743"/>
</testsuite> <!-- com.qa.Test.TableTest -->
